<?xml version="1.0" encoding="UTF-8"?>
<!-- Generated by org.testng.reporters.JUnitReportReporter -->
<testsuite hostname="DESKTOP-OJOQL60" failures="0" tests="1" name="test.Hassantuk_test" time="56.520" errors="0" timestamp="2020-08-08T21:53:31 GST" skipped="0">
  <testcase classname="test.Hassantuk_test" name="setup" time="56.520"/>
  <system-out/>
</testsuite> <!-- test.Hassantuk_test -->
